02:31:11 AM:DEBUG [logger_base.py:13]  mensaje a nivel debug
02:31:11 AM:INFO [logger_base.py:14]  mensaje a nivel info
02:31:11 AM:WARNING [logger_base.py:15]  mensaje a nivel warning
02:31:11 AM:ERROR [logger_base.py:16]  mensaje a nivel error
02:31:11 AM:CRITICAL [logger_base.py:17]  mensaje a nivel critical
02:46:48 AM:DEBUG [Persona.py:54]      
            Id Persona: 1 
            Nombre: juan 
            Apellido: perez 
            Email: jperez@gmail.com 
        
02:49:22 AM:DEBUG [Persona.py:54]      
            Id Persona: 1 
            Nombre: juan 
            Apellido: perez 
            Email: jperez@gmail.com 
        
02:53:22 AM:DEBUG [Persona.py:54]      
            Id Persona: 1 
            Nombre: juan 
            Apellido: perez 
            Email: jperez@gmail.com 
        
02:53:22 AM:DEBUG [Persona.py:56]      
            Id Persona: Jose 
            Nombre: Lopez  
            Apellido: jlopez@mail.com 
            Email: None 
        
02:54:05 AM:DEBUG [Persona.py:54]      
            Id Persona: 1 
            Nombre: juan 
            Apellido: perez 
            Email: jperez@gmail.com 
        
02:54:05 AM:DEBUG [Persona.py:56]      
            Id Persona: None 
            Nombre: Jose 
            Apellido: Lopez  
            Email: jlopez@mail.com 
        
02:55:51 AM:DEBUG [Persona.py:54]      
            Id Persona: 1 
            Nombre: juan 
            Apellido: perez 
            Email: jperez@gmail.com 
        
02:55:51 AM:DEBUG [Persona.py:56]      
            Id Persona: None 
            Nombre: Jose 
            Apellido: Lopez  
            Email: jlopez@mail.com 
        
02:55:51 AM:DEBUG [Persona.py:58]      
            Id Persona: 1 
            Nombre: None 
            Apellido: None 
            Email: None 
        


04:08:36 AM:ERROR [conexion.py:31]  Ocurriˇ un Error: connection to server at "127.0.0.1", port 5432 failed: Connection refused (0x0000274D/10061)
	Is the server running on that host and accepting TCP/IP connections?

04:23:48 AM:ERROR [conexion.py:31]  Ocurriˇ un Error: connection to server at "127.0.0.1", port 5432 failed: Connection refused (0x0000274D/10061)
	Is the server running on that host and accepting TCP/IP connections?

04:23:59 AM:ERROR [conexion.py:31]  Ocurriˇ un Error: connection to server at "127.0.0.1", port 5432 failed: Connection refused (0x0000274D/10061)
	Is the server running on that host and accepting TCP/IP connections?

